{"/workspaces/graduation-project-marwerk/src/models/room.js": {"path":"/workspaces/graduation-project-marwerk/src/models/room.js","statementMap":{"0":{"start":{"line":1,"column":17},"end":{"line":1,"column":36}},"1":{"start":{"line":2,"column":21},"end":{"line":2,"column":53}},"2":{"start":{"line":4,"column":19},"end":{"line":14,"column":2}},"3":{"start":{"line":23,"column":4},"end":{"line":23,"column":70}},"4":{"start":{"line":25,"column":24},"end":{"line":25,"column":34}},"5":{"start":{"line":26,"column":30},"end":{"line":26,"column":31}},"6":{"start":{"line":29,"column":4},"end":{"line":35,"column":6}},"7":{"start":{"line":30,"column":6},"end":{"line":33,"column":7}},"8":{"start":{"line":31,"column":8},"end":{"line":31,"column":35}},"9":{"start":{"line":32,"column":8},"end":{"line":32,"column":20}},"10":{"start":{"line":34,"column":6},"end":{"line":34,"column":17}},"11":{"start":{"line":37,"column":4},"end":{"line":53,"column":5}},"12":{"start":{"line":37,"column":17},"end":{"line":37,"column":18}},"13":{"start":{"line":38,"column":22},"end":{"line":38,"column":38}},"14":{"start":{"line":40,"column":6},"end":{"line":40,"column":87}},"15":{"start":{"line":43,"column":6},"end":{"line":52,"column":7}},"16":{"start":{"line":44,"column":8},"end":{"line":44,"column":35}},"17":{"start":{"line":45,"column":8},"end":{"line":45,"column":35}},"18":{"start":{"line":49,"column":11},"end":{"line":52,"column":7}},"19":{"start":{"line":50,"column":8},"end":{"line":50,"column":40}},"20":{"start":{"line":51,"column":8},"end":{"line":51,"column":32}},"21":{"start":{"line":54,"column":4},"end":{"line":57,"column":5}},"22":{"start":{"line":55,"column":6},"end":{"line":55,"column":40}},"23":{"start":{"line":56,"column":6},"end":{"line":56,"column":18}},"24":{"start":{"line":59,"column":4},"end":{"line":59,"column":34}},"25":{"start":{"line":60,"column":4},"end":{"line":60,"column":15}},"26":{"start":{"line":64,"column":4},"end":{"line":68,"column":5}},"27":{"start":{"line":65,"column":6},"end":{"line":65,"column":21}},"28":{"start":{"line":66,"column":6},"end":{"line":66,"column":23}},"29":{"start":{"line":67,"column":6},"end":{"line":67,"column":48}},"30":{"start":{"line":72,"column":4},"end":{"line":72,"column":19}},"31":{"start":{"line":73,"column":4},"end":{"line":73,"column":21}},"32":{"start":{"line":74,"column":4},"end":{"line":74,"column":46}},"33":{"start":{"line":80,"column":0},"end":{"line":80,"column":31}},"34":{"start":{"line":81,"column":0},"end":{"line":81,"column":26}},"35":{"start":{"line":82,"column":0},"end":{"line":82,"column":51}}},"fnMap":{"0":{"name":"(anonymous_0)","decl":{"start":{"line":22,"column":2},"end":{"line":22,"column":3}},"loc":{"start":{"line":22,"column":45},"end":{"line":61,"column":3}},"line":22},"1":{"name":"(anonymous_1)","decl":{"start":{"line":29,"column":41},"end":{"line":29,"column":42}},"loc":{"start":{"line":29,"column":52},"end":{"line":35,"column":5}},"line":29},"2":{"name":"(anonymous_2)","decl":{"start":{"line":63,"column":2},"end":{"line":63,"column":3}},"loc":{"start":{"line":63,"column":31},"end":{"line":69,"column":3}},"line":63},"3":{"name":"(anonymous_3)","decl":{"start":{"line":71,"column":2},"end":{"line":71,"column":3}},"loc":{"start":{"line":71,"column":31},"end":{"line":75,"column":3}},"line":71}},"branchMap":{"0":{"loc":{"start":{"line":30,"column":6},"end":{"line":33,"column":7}},"type":"if","locations":[{"start":{"line":30,"column":6},"end":{"line":33,"column":7}},{"start":{},"end":{}}],"line":30},"1":{"loc":{"start":{"line":43,"column":6},"end":{"line":52,"column":7}},"type":"if","locations":[{"start":{"line":43,"column":6},"end":{"line":52,"column":7}},{"start":{"line":49,"column":11},"end":{"line":52,"column":7}}],"line":43},"2":{"loc":{"start":{"line":49,"column":11},"end":{"line":52,"column":7}},"type":"if","locations":[{"start":{"line":49,"column":11},"end":{"line":52,"column":7}},{"start":{},"end":{}}],"line":49},"3":{"loc":{"start":{"line":49,"column":15},"end":{"line":49,"column":81}},"type":"binary-expr","locations":[{"start":{"line":49,"column":15},"end":{"line":49,"column":46}},{"start":{"line":49,"column":50},"end":{"line":49,"column":81}}],"line":49},"4":{"loc":{"start":{"line":54,"column":4},"end":{"line":57,"column":5}},"type":"if","locations":[{"start":{"line":54,"column":4},"end":{"line":57,"column":5}},{"start":{},"end":{}}],"line":54},"5":{"loc":{"start":{"line":64,"column":4},"end":{"line":68,"column":5}},"type":"if","locations":[{"start":{"line":64,"column":4},"end":{"line":68,"column":5}},{"start":{},"end":{}}],"line":64}},"s":{"0":1,"1":1,"2":1,"3":0,"4":0,"5":0,"6":0,"7":0,"8":0,"9":0,"10":0,"11":0,"12":0,"13":0,"14":0,"15":0,"16":0,"17":0,"18":0,"19":0,"20":0,"21":0,"22":0,"23":0,"24":0,"25":0,"26":0,"27":0,"28":0,"29":0,"30":0,"31":0,"32":0,"33":1,"34":1,"35":1},"f":{"0":0,"1":0,"2":0,"3":0},"b":{"0":[0,0],"1":[0,0],"2":[0,0],"3":[0,0],"4":[0,0],"5":[0,0]},"_coverageSchema":"1a1c01bbd47fc00a2c39e90264f33305004495a9","hash":"7a056f778fa30a113a337e949bad93c1d34e8497"}
}
